This is TeX, Version 3.14159 (Web2C 7.3.1) (format=latex 2000.7.19)  20 DEC 2000 11:20
**sympa
(sympa.tex
LaTeX2e <1999/12/01> patch level 1
Babel <v3.6Z> and hyphenation patterns for american, french, german, ngerman, i
talian, nohyphenation, loaded.
(/usr/share/texmf/tex/latex/base/report.cls
Document Class: report 1999/09/10 v1.4a Standard LaTeX document class
(/usr/share/texmf/tex/latex/base/size10.clo
File: size10.clo 1999/09/10 v1.4a Standard LaTeX file (size option)
)
\c@part=\count79
\c@chapter=\count80
\c@section=\count81
\c@subsection=\count82
\c@subsubsection=\count83
\c@paragraph=\count84
\c@subparagraph=\count85
\c@figure=\count86
\c@table=\count87
\abovecaptionskip=\skip41
\belowcaptionskip=\skip42
\bibindent=\dimen102
)
(/usr/share/texmf/tex/latex/graphics/epsfig.sty
Package: epsfig 1999/02/16 v1.7a (e)psfig emulation (SPQR)

(/usr/share/texmf/tex/latex/graphics/graphicx.sty
Package: graphicx 1999/02/16 v1.0f Enhanced LaTeX Graphics (DPC,SPQR)

(/usr/share/texmf/tex/latex/graphics/keyval.sty
Package: keyval 1999/03/16 v1.13 key=value parser (DPC)
\KV@toks@=\toks14
)
(/usr/share/texmf/tex/latex/graphics/graphics.sty
Package: graphics 1999/02/16 v1.0l Standard LaTeX Graphics (DPC,SPQR)

(/usr/share/texmf/tex/latex/graphics/trig.sty
Package: trig 1999/03/16 v1.09 sin cos tan (DPC)
)
(/usr/share/texmf/tex/latex/config/graphics.cfg)
Package graphics Info: Driver file: dvips.def on input line 80.

(/usr/share/texmf/tex/latex/graphics/dvips.def
File: dvips.def 1999/02/16 v3.0i Driver-dependant file (DPC,SPQR)
))
\Gin@req@height=\dimen103
\Gin@req@width=\dimen104
)
\epsfxsize=\dimen105
\epsfysize=\dimen106
)
(/usr/share/texmf/tex/latex/tools/xspace.sty
Package: xspace 1997/10/13 v1.06 Space after command names (DPC)
)
(/usr/share/texmf/tex/latex/base/makeidx.sty
Package: makeidx 1999/09/17 v1.0l Standard LaTeX package
) (html.sty
Package: html 1996/12/22 v1.1 hypertext commands for latex2html (nd, hws, rrm)
\c@lpart=\count88
\c@lchapter=\count89
\c@lsection=\count90
\c@lsubsection=\count91
\c@lsubsubsection=\count92
\c@lparagraph=\count93
\c@lsubparagraph=\count94
\c@lequation=\count95
\c@lsubsubparagraph=\count96
\ptrfile=\write3
)
(/usr/share/texmf/tex/latex/psnfss/palatino.sty
Package: palatino 1999/03/29 PSNFSS v.7.2 Palatino font as default roman : S Ra
htz
)
\@indexfile=\write4
\openout4 = `sympa.idx'.


Writing index file sympa.idx
(/usr/share/texmf/tex/latex/misc/changebar.sty
Package: changebar 1999/06/18 v3.3i Indicate changes with marginal bars
\cb@nextpoint=\count97
\cb@topleft=\count98
\cb@topright=\count99
\cb@botleft=\count100
\cb@botright=\count101
\cb@curbarwd=\dimen107
\cb@page=\count102
\cb@pagecount=\count103
\cb@odd@left=\dimen108
\cb@odd@right=\dimen109
\cb@even@left=\dimen110
\cb@even@right=\dimen111
\changebarwidth=\skip43
\deletebarwidth=\skip44
\changebarsep=\skip45
\c@changebargrey=\count104
\cb@write=\write5
\cb@read=\read1
\openout5 = `sympa.cb'.

) (sympa.aux

LaTeX Warning: Label `wwsympa' multiply defined.


LaTeX Warning: Label `host' multiply defined.


LaTeX Warning: Label `user' multiply defined.


LaTeX Warning: Label `passwd' multiply defined.

)
\openout1 = `sympa.aux'.

LaTeX Font Info:    Checking defaults for OML/cmm/m/it on input line 114.
LaTeX Font Info:    ... okay on input line 114.
LaTeX Font Info:    Checking defaults for T1/cmr/m/n on input line 114.
LaTeX Font Info:    ... okay on input line 114.
LaTeX Font Info:    Checking defaults for OT1/cmr/m/n on input line 114.
LaTeX Font Info:    ... okay on input line 114.
LaTeX Font Info:    Checking defaults for OMS/cmsy/m/n on input line 114.
LaTeX Font Info:    ... okay on input line 114.
LaTeX Font Info:    Checking defaults for OMX/cmex/m/n on input line 114.
LaTeX Font Info:    ... okay on input line 114.
LaTeX Font Info:    Checking defaults for U/cmr/m/n on input line 114.
LaTeX Font Info:    ... okay on input line 114.
LaTeX Font Info:    Try loading font information for OT1+ppl on input line 114.

 (/usr/share/texmf/tex/latex/psnfss/ot1ppl.fd
File: ot1ppl.fd 1998/07/06 Fontinst v1.800 font definitions for OT1/ppl.
)
LaTeX Font Info:    Font shape `OT1/ppl/bx/n' in size <24.88> not available
(Font)              Font shape `OT1/ppl/b/n' tried instead on input line 128.
LaTeX Font Info:    Font shape `OT1/ppl/bx/n' in size <20.74> not available
(Font)              Font shape `OT1/ppl/b/n' tried instead on input line 128.
LaTeX Font Info:    External font `cmex10' loaded for size
(Font)              <12> on input line 128.
LaTeX Font Info:    External font `cmex10' loaded for size
(Font)              <8> on input line 128.
LaTeX Font Info:    External font `cmex10' loaded for size
(Font)              <6> on input line 128.
 [1

] [2

] (sympa.toc
LaTeX Font Info:    Font shape `OT1/ppl/bx/n' in size <10> not available
(Font)              Font shape `OT1/ppl/b/n' tried instead on input line 1.
LaTeX Font Info:    External font `cmex10' loaded for size
(Font)              <7> on input line 2.
LaTeX Font Info:    External font `cmex10' loaded for size
(Font)              <5> on input line 2.
LaTeX Font Info:    Font shape `OT1/ppl/bx/it' in size <10> not available
(Font)              Font shape `OT1/ppl/b/it' tried instead on input line 13.
 [3

] [4]
[5] [6])
\tf@toc=\write6
\openout6 = `sympa.toc'.

 [7] [8

]
Chapter 1.
LaTeX Font Info:    Font shape `OT1/ppl/bx/n' in size <14.4> not available
(Font)              Font shape `OT1/ppl/b/n' tried instead on input line 184.

Underfull \vbox (badness 10000) has occurred while \output is active []

 [9

]
LaTeX Font Info:    Try loading font information for OMS+ppl on input line 203.


(/usr/share/texmf/tex/latex/psnfss/omsppl.fd
File: omsppl.fd 
)
LaTeX Font Info:    Font shape `OMS/ppl/m/n' in size <10> not available
(Font)              Font shape `OMS/cmsy/m/n' tried instead on input line 203.
 [10] [11]
Underfull \hbox (badness 2142) in paragraph at lines 333--336
[]\OT1/ppl/m/n/10 Subscriber pref-er-ence for mul-ti-part/alternative mes-sages
 re-cep-tion.
 []

[12]
Missing character: There is no ^^e9 in font pplr7t!

Underfull \hbox (badness 2253) in paragraph at lines 418--420
\OT1/ppl/m/n/10 If you wish to con-tact the au-thors of \OT1/ppl/m/it/10 Sympa\
OT1/ppl/m/n/10 , please use the ad-dress
 []

[13] [14]
Chapter 2.

Underfull \hbox (badness 10000) in paragraph at lines 478--481
\OT1/ppl/m/n/10 This is your site's con-fig-u-ra-tion di-rec-tory. Take a look 
at
 []

[15


] [16] [17] [18

]
Chapter 3.
LaTeX Font Info:    Font shape `OT1/ppl/bx/it' in size <24.88> not available
(Font)              Font shape `OT1/ppl/b/it' tried instead on input line 617.
LaTeX Font Info:    Font shape `OT1/ppl/bx/it' in size <14.4> not available
(Font)              Font shape `OT1/ppl/b/it' tried instead on input line 627.
[19

]
LaTeX Font Info:    Font shape `OT1/ppl/bx/n' in size <12> not available
(Font)              Font shape `OT1/ppl/b/n' tried instead on input line 676.
 [20]
Underfull \vbox (badness 5637) has occurred while \output is active []

 [21]
[22]
Underfull \hbox (badness 10000) in paragraph at lines 840--841
[]\OT1/ppl/m/n/10 INITDIR, the di-rec-tory to in-stall SYSV init script (typ-i-
cally
 []

[23]
Underfull \hbox (badness 10000) in paragraph at lines 844--846
[]\OT1/ppl/m/n/10 DARK[]COLOR, LIGHT[]COLOR, TEXT[]COLOR, BG[]COLOR, ER-
 []

[24]
Underfull \hbox (badness 10000) in paragraph at lines 951--959
\OT1/ppl/m/n/10 Thus, a line must be added in the []\OT1/cmtt/m/n/10 syslogd \O
T1/ppl/m/n/10 con-fig-u-ra-tion file
 []

[25] [26] [27] [28

]
Chapter 4.
LaTeX Font Info:    Font shape `OT1/cmtt/bx/n' in size <12> not available
(Font)              Font shape `OT1/cmtt/m/n' tried instead on input line 1061.


Underfull \vbox (badness 10000) has occurred while \output is active []

 [29

]
[30] [31] [32]
Underfull \hbox (badness 2932) in paragraph at lines 1198--1200
[]\OT1/ppl/m/n/10 Maximum num-ber of dif-fer-ent in-ter-net do-mains within ad-
dresses per
 []


Overfull \hbox (78.04599pt too wide) in paragraph at lines 1221--1222
\OT1/ppl/m/n/10 (Default value: \OT1/cmtt/m/n/10 Return-Receipt-To,Precedence,X
-Sequence,Disposition-Notification-To\OT1/ppl/m/n/10 ) 
 []


Overfull \hbox (506.13249pt too wide) in paragraph at lines 1230--1231
[]\OT1/ppl/m/n/10 Example: \OT1/cmtt/m/n/10 remove[]headers Resent-Date,Resent-
From,Resent-To,Resent-Message-Id,Sender,Delivered-To,Return-Receipt-To,Preceden
ce,X-Sequence,Disposition-Notification-To 
 []

[33]
Underfull \vbox (badness 1917) has occurred while \output is active []

 [34]
[35]
Underfull \vbox (badness 10000) has occurred while \output is active []

 [36]
Underfull \vbox (badness 10000) has occurred while \output is active []

 [37]
Underfull \vbox (badness 3849) has occurred while \output is active []

 [38]

LaTeX Warning: Reference `rdbms-struct' on page 39 undefined on input line 1454
.


LaTeX Warning: Reference `rdbms-struct' on page 39 undefined on input line 1455
.


Underfull \vbox (badness 1968) has occurred while \output is active []

 [39]
[40] [41] [42

]
Chapter 5.

Underfull \vbox (badness 3758) has occurred while \output is active []

 [43

]
Underfull \hbox (badness 3029) in paragraph at lines 1592--1599
\OT1/ppl/m/n/10 Where to store html archives. This pa-ram-e-ter is used by
 []

[44]
Overfull \hbox (25.19734pt too wide) in paragraph at lines 1635--1635
 []   \OT1/cmtt/m/n/10 cookie is available for any host within 'cru.fr' domain[
] 
 []


Underfull \hbox (badness 10000) in paragraph at lines 1644--1645

 []


Underfull \hbox (badness 10000) in paragraph at lines 1660--1667
\OT1/ppl/m/n/10 Choose to use or not FastCGI. On listes.cru.fr us-ing
 []


Underfull \hbox (badness 3088) in paragraph at lines 1660--1667
\OT1/ppl/m/n/10 FastCGI with WWSympa fas-ten up to 10 times. Re-fer to
 []


Underfull \hbox (badness 2285) in paragraph at lines 1670--1672
[]\OT1/ppl/m/n/10 set []\OT1/cmtt/m/n/10 sympa.conf \OT1/ppl/m/n/10 pa-ram-e-te
r []\OT1/cmtt/m/n/10 wwsympa[]url \OT1/ppl/m/n/10 to the base URL of your
 []


Underfull \hbox (badness 1389) in paragraph at lines 1677--1680
\OT1/ppl/m/n/10 MHonArc is a nice con-verter from mime mes-sages to html. Re-fe
r to
 []

[45]
Overfull \hbox (127.24632pt too wide) in paragraph at lines 1736--1736
 []     \OT1/cmtt/m/n/10 example : su sympa -c "touch ~sympa/spool/outgoing/.re
build.sympa-fr@cru.fr"[] 
 []

[46] [47]
Missing character: There is no ^^ab in font pplr7t!
Missing character: There is no ^^bb in font pplr7t!
 [48]
Overfull \hbox (25.26436pt too wide) has occurred while \output is active
\OT1/ppl/m/sl/10 5.7.  SHARING \OT1/ppl/m/it/10 WWSYMPA \OT1/ppl/m/sl/10 AUTHEN
TICATION WITH OTHER APPLICATIONS \OT1/ppl/m/n/10 49
 []

[49] [50

]
Chapter 6.

LaTeX Warning: Reference `Install other required CPAN modules' on page 51 undef
ined on input line 1905.


LaTeX Warning: Reference `Install other required CPAN modules' on page 51 undef
ined on input line 1906.


Underfull \vbox (badness 3148) has occurred while \output is active []

 [51

]
[52] [53] [54

]
Chapter 7.

Underfull \vbox (badness 10000) has occurred while \output is active []

 [55

]
[56]
Underfull \hbox (badness 10000) in paragraph at lines 2105--2107
[]\OT1/cmtt/m/n/10 openssl \OT1/ppl/m/n/10 : the path for the openssl bi-nary f
ile, un-su-ally
 []


Underfull \hbox (badness 1286) in paragraph at lines 2107--2116
[]\OT1/cmtt/m/n/10 trusted[]ca[]options \OT1/ppl/m/n/10 : the op-tion used by o
penssl for trusted CA
 []


Underfull \hbox (badness 2277) in paragraph at lines 2107--2116
\OT1/ppl/m/n/10 cer-tifi-cates. The file []\OT1/cmtt/m/n/10 /home/sympa/bin/etc
/ca-bundle.crt \OT1/ppl/m/n/10 is dis-
 []


Underfull \hbox (badness 3724) in paragraph at lines 2107--2116
\OT1/ppl/m/n/10 tributed with Sympa and de-scribes a well-known set of CA as
 []


Underfull \hbox (badness 2626) in paragraph at lines 2107--2116
\OT1/ppl/m/n/10 the de-fault Netscape nav-i-ga-tor con-fig-u-ra-tion. You can u
se this
 []


Underfull \hbox (badness 6842) in paragraph at lines 2107--2116
\OT1/ppl/m/n/10 set of cer-tifi-cate as trusted set-ting \OT1/cmtt/m/n/10 trust
ed[]ca[]options -CAfile
 []


Underfull \hbox (badness 10000) in paragraph at lines 2107--2116
\OT1/cmtt/m/n/10 /home/sympa/bin/etc/ca-bundle.crt\OT1/ppl/m/n/10 . You can als
o used the
 []


Underfull \hbox (badness 10000) in paragraph at lines 2107--2116
\OT1/cmtt/m/n/10 trusted[]ca[]options -CApath /home/sympa/etc/ssl.crt -CAfile
 []

[57]
Missing character: There is no ^^e9 in font cmtt10!
Missing character: There is no ^^e9 in font cmtt10!
Missing character: There is no ^^e9 in font cmtt10!

Overfull \hbox (5.4972pt too wide) in paragraph at lines 2155--2155
 []\OT1/cmtt/m/n/10 is_subscriber([listname],[sender])             smime  -> do
_it[] 
 []


Overfull \hbox (5.4972pt too wide) in paragraph at lines 2155--2155
 []\OT1/cmtt/m/n/10 is_editor([listname],[sender])                 smime  -> do
_it[] 
 []


Overfull \hbox (5.4972pt too wide) in paragraph at lines 2155--2155
 []\OT1/cmtt/m/n/10 is_owner([listname],[sender])                  smime  -> do
_it[] 
 []


Overfull \hbox (31.74696pt too wide) in paragraph at lines 2167--2167
 []\OT1/cmtt/m/n/10 title.us restricted to subscribers with previous md5 authen
tication[] 
 []

Missing character: There is no ^^e9 in font cmtt10!
Missing character: There is no ^^e9 in font cmtt10!
Missing character: There is no ^^e9 in font cmtt10!
Missing character: There is no ^^e9 in font cmtt10!

Overfull \hbox (15.9971pt too wide) in paragraph at lines 2167--2167
 []\OT1/cmtt/m/n/10 is_subscriber([listname],[sender]) smtp          -> request
_auth[] 
 []


Underfull \hbox (badness 10000) in paragraph at lines 2202--2206
[]\OT1/ppl/m/n/10 The list pri-vate key must be in-stalled in a file named
 []

[58]
Underfull \hbox (badness 5548) in paragraph at lines 2224--2228
[]\OT1/ppl/m/n/10 convert the pkcs#12 file into a pair of pem file : []\OT1/cmt
t/m/n/10 cert.pem
 []


Underfull \hbox (badness 2103) in paragraph at lines 2224--2228
\OT1/ppl/m/n/10 and []\OT1/cmtt/m/n/10 private[]key \OT1/ppl/m/n/10 us-ing the 
[] \OT1/cmtt/m/n/10 sympa/bin/p12topem.pl \OT1/ppl/m/n/10 script. Use
 []

[59] [60

]
Chapter 8.
[61

] [62]
Underfull \hbox (badness 10000) in paragraph at lines 2340--2342
[]\OT1/ppl/m/n/10 The first ex-am-ple in-cludes a file which rel-a-tive path is

 []

[63] [64]
Underfull \vbox (badness 6842) has occurred while \output is active []

 [65]
Underfull \hbox (badness 10000) in paragraph at lines 2484--2486
[]\OT1/ppl/m/n/10 Your list web tem-plate files should be placed in
 []


Underfull \hbox (badness 1270) in paragraph at lines 2484--2486
[]\OT1/cmtt/m/n/10 ~sympa/expl/mylist/wws[]templates \OT1/ppl/m/n/10 di-rec-tor
y ; your site web tem-plates
 []

LaTeX Font Info:    Font shape `OT1/ppl/bx/it' in size <12> not available
(Font)              Font shape `OT1/ppl/b/it' tried instead on input line 2499.

[66]
Underfull \vbox (badness 4001) has occurred while \output is active []

 [67]
Overfull \hbox (36.99692pt too wide) in paragraph at lines 2621--2621
 []\OT1/cmtt/m/n/10 title.us deletion performed only by list owners, need authe
ntication[] 
 []

Missing character: There is no ^^e9 in font cmtt10!
Missing character: There is no ^^e9 in font cmtt10!
Missing character: There is no ^^e9 in font cmtt10!

Overfull \hbox (15.9971pt too wide) in paragraph at lines 2621--2621
 []\OT1/cmtt/m/n/10 title.fr suppression rserve au propritaire avec authentific
ation[] 
 []

Missing character: There is no ^^f3 in font cmtt10!
Missing character: There is no ^^f3 in font cmtt10!
Missing character: There is no ^^f3 in font cmtt10!

Overfull \hbox (89.49646pt too wide) in paragraph at lines 2621--2621
 []\OT1/cmtt/m/n/10 title.es eliminacin reservada slo para el propietario, nece
sita autentificacin[] 
 []


Overfull \hbox (15.9971pt too wide) in paragraph at lines 2632--2632
 []        \OT1/cmtt/m/n/10 match([sender], /cru\.fr$/)          smtp,smime -> 
do_it[] 
 []


Underfull \hbox (badness 10000) in paragraph at lines 2636--2639
[]\OT1/ppl/m/n/10 In this case sympa ap-ply rec-cur-sively the sce-nario named
 []

[68]
Underfull \hbox (badness 3780) in paragraph at lines 2647--2650
[]\OT1/ppl/m/n/10 You may also de-fine and name your own sce-nari. Store them i
n
 []


Overfull \hbox (10.74715pt too wide) in paragraph at lines 2658--2658
 []\OT1/cmtt/m/n/10 equal([sender], 'userxxx@univ-rennes1.fr') smtp,smime -> re
ject[] 
 []


Overfull \hbox (94.74641pt too wide) in paragraph at lines 2695--2695
 []\OT1/cmtt/m/n/10 <var> ::= [email] | [sender] | [host] | [header-><smtp\_key
\_word>] |  <string>[] 
 []

[69]
Overfull \hbox (42.24687pt too wide) in paragraph at lines 2731--2731
 []\OT1/cmtt/m/n/10 3 - X has installed a home-made vacation program replying t
o programs[] 
 []


Underfull \hbox (badness 10000) in paragraph at lines 2741--2743
[]\OT1/ppl/m/n/10 If we are within the sam-pling pe-riod (as de-fined by
 []

[70] [71] [72

]
Chapter 9.

Overfull \hbox (54.49725pt too wide) in paragraph at lines 2807--2828
[][] 
 []

[73

]
Underfull \hbox (badness 2662) in paragraph at lines 2834--2841
[]\OT1/ppl/m/n/10 The ad-dress \OT1/cmtt/m/n/10 mylist-request \OT1/ppl/m/n/10 
should be the ad-dress of the per-son in
 []


Underfull \hbox (badness 2582) in paragraph at lines 2834--2841
\OT1/ppl/m/n/10 charge of \OT1/cmtt/m/n/10 mylist \OT1/ppl/m/n/10 list man-age-
ment (the list []owner). \OT1/ppl/m/it/10 Sympa \OT1/ppl/m/n/10 will for-
 []


Underfull \hbox (badness 3019) in paragraph at lines 2847--2850
[]\OT1/cmtt/m/n/10 bouncequeue \OT1/ppl/m/n/10 pro-gram stores these mes-sages 
in []\OT1/cmtt/m/n/10 queuebounce \OT1/ppl/m/n/10 di-rec-tory.
 []

[74]
Underfull \hbox (badness 10000) in paragraph at lines 2893--2900
\OT1/ppl/m/n/10 The con-fig-u-ra-tion file for the \OT1/cmtt/m/n/10 mylist \OT1
/ppl/m/n/10 list is named
 []

[75] [76] [77] [78] [79]
Underfull \hbox (badness 10000) in paragraph at lines 3188--3192
\OT1/ppl/m/n/10 You may cre-ate []\OT1/cmtt/m/n/10 ~sympa/expl/mylist/message.h
eader \OT1/ppl/m/n/10 and
 []


Underfull \hbox (badness 1478) in paragraph at lines 3188--3192
[]\OT1/cmtt/m/n/10 ~sympa/expl/mylist/message.footer \OT1/ppl/m/n/10 files. The
ir con-tent is added, ei-
 []

[80] [81] [82

]
Chapter 10.
[83

]
Underfull \hbox (badness 10000) in paragraph at lines 3269--3274
[]\OT1/ppl/m/n/10 You might want to hide or mod-ify pro-files (un-use-full or d
an-
 []


Underfull \hbox (badness 10000) in paragraph at lines 3269--3274
\OT1/ppl/m/n/10 ger-ous for your site). If a pro-file ex-ists both in the lo-
 []


Underfull \hbox (badness 10000) in paragraph at lines 3269--3274
\OT1/ppl/m/n/10 cal site di-rec-tory []\OT1/cmtt/m/n/10 ~sympa/etc/create[]list
[]templates \OT1/ppl/m/n/10 and
 []


Underfull \hbox (badness 2042) in paragraph at lines 3269--3274
[]\OT1/cmtt/m/n/10 ~sympa/bin/etc/create[]list[]templates \OT1/ppl/m/n/10 di-re
c-tory, then the lo-cal pro-file
 []


Underfull \hbox (badness 10000) in paragraph at lines 3275--3279
[]\OT1/ppl/m/n/10 Another way to con-trol pub-li-cally avail-able pro-files is 
to edit
 []

[84]
Underfull \hbox (badness 4699) in paragraph at lines 3304--3307
\OT1/ppl/m/n/10 For each pa-ram-e-ter, you can choose via []\OT1/cmtt/m/n/10 ~s
ympa/etc/edit[]list.conf
 []


Underfull \hbox (badness 10000) in paragraph at lines 3304--3307
\OT1/ppl/m/n/10 con-fig-u-ra-tion file who can edit list pa-ram-e-ters ; the de
-fault
 []


Overfull \hbox (47.49683pt too wide) in paragraph at lines 3324--3324
 []         \OT1/cmtt/m/n/10 \# only listmaster can edit user\_data\_source, pr
iority, ...[] 
 []


Overfull \hbox (63.24669pt too wide) in paragraph at lines 3324--3324
 []         \OT1/cmtt/m/n/10 \# only privileged owner can modify  editor parame
ter, send, ...[] 
 []

[85] [86]
Chapter 11.
Missing character: There is no ^^e9 in font cmtt10!
[87


] [88] [89] [90] [91] [92] [93] [94]
Underfull \hbox (badness 2126) in paragraph at lines 3878--3882
[]\OT1/ppl/m/n/10 This pa-ram-e-ter spec-i-fies the un-sub-scrip-tion method fo
r the list. Use
 []

[95] [96] [97] [98] [99] [100]
Underfull \hbox (badness 2302) in paragraph at lines 4284--4286
[]\OT1/ppl/m/n/10 Maximum size of a mes-sage in 8-bit bytes. De-fault value is 
set in
 []


Overfull \hbox (99.13606pt too wide) in paragraph at lines 4312--4313
[]\OT1/ppl/m/n/10 Example: \OT1/cmtt/m/n/10 custom[]header X-url: http://www.cr
u.fr/listes/apropos/sedesabonner.faq.html\OT1/ppl/m/n/10 . 
 []

[101]
Underfull \hbox (badness 3148) in paragraph at lines 4352--4358
[]\OT1/ppl/m/n/10 In this con-fig-u-ra-tion, sympa won't cre-ate new MIME parts
 but
 []


Underfull \hbox (badness 3590) in paragraph at lines 4352--4358
\OT1/ppl/m/n/10 will try to ap-pend the header/footer to the body of the mes-
 []


Underfull \hbox (badness 1776) in paragraph at lines 4352--4358
\OT1/ppl/m/n/10 sage. []\OT1/cmtt/m/n/10 ~sympa/expl/mylist/message.footer.mime
 \OT1/ppl/m/n/10 will be ig-nored.
 []

[102]
Underfull \hbox (badness 7667) in paragraph at lines 4445--4449
[]\OT1/ppl/m/n/10 0 is the high-est pri-or-ity. The fol-low-ing pri-or-i-ties c
an be used:
 []

[103] [104] [105] [106

]
Chapter 12.

Underfull \hbox (badness 10000) in paragraph at lines 4609--4611
[]\OT1/ppl/m/n/10 Shared doc-u-ments of a list are stored in the di-rec-tory
 []

[107

] [108]
Underfull \hbox (badness 10000) in paragraph at lines 4675--4679
[]\OT1/ppl/m/n/10 The de-scrip-tion file of a di-rec-tory hav-ing the
 []


Underfull \hbox (badness 10000) in paragraph at lines 4675--4679
\OT1/ppl/m/n/10 path []\OT1/cmtt/m/n/10 mydirectory/mysubdirectory \OT1/ppl/m/n
/10 has the path
 []


Underfull \hbox (badness 1642) in paragraph at lines 4675--4679
\OT1/ppl/m/n/10 ing the path []\OT1/cmtt/m/n/10 mydirectory/mysubdirectory/myfi
le.myextension \OT1/ppl/m/n/10 has the
 []


Underfull \vbox (badness 10000) has occurred while \output is active []

 [109]
[110]
Underfull \hbox (badness 10000) in paragraph at lines 4764--4769
\OT1/ppl/m/n/10 Let's take a doc-u-ment with a rel-a-tive path in the shared sp
ace
 []


Underfull \hbox (badness 2435) in paragraph at lines 4764--4769
[]\OT1/cmtt/m/n/10 mydirectory/mysubdirectory/myfile\OT1/ppl/m/n/10 . This is \
OT1/ppl/m/it/10 not \OT1/ppl/m/n/10 a doc-u-ment of the
 []


Underfull \hbox (badness 1383) in paragraph at lines 4770--4786
\OT1/ppl/m/n/10 To be au-tho-rized to per-form the read-ing ac-tion on the doc-
u-ment
 []


Underfull \hbox (badness 2698) in paragraph at lines 4770--4786
[]\OT1/cmtt/m/n/10 mydirectory/mysubdirectory/myfile\OT1/ppl/m/n/10 , the user 
\OT1/ppl/b/n/10 X \OT1/ppl/m/n/10 must be au-tho-
 []


Underfull \hbox (badness 2393) in paragraph at lines 4770--4786
\OT1/ppl/m/n/10 rized in the de-scrip-tion file to read each doc-u-ment of the 
path
 []


Underfull \hbox (badness 2884) in paragraph at lines 4770--4786
\OT1/ppl/m/n/10 in their de-scrip-tion file. Thus, to be al-lowed to read the f
ile
 []


Underfull \hbox (badness 2126) in paragraph at lines 4770--4786
[]\OT1/cmtt/m/n/10 mydirectory/mysubdirectory/myfile\OT1/ppl/m/n/10 , \OT1/ppl/
b/n/10 X \OT1/ppl/m/n/10 must be al-lowed to read
 []

[111] [112] [113] [114]
Chapter 13.
[115


] [116

]
Chapter 14.
[117

] [118]
Underfull \hbox (badness 3482) in paragraph at lines 5095--5101
[]\OT1/ppl/m/n/10 The send-ing pe-riod for these DI-GESTS is reg-u-lated by the
 list
 []

[119] [120]
Underfull \hbox (badness 1259) in paragraph at lines 5282--5286
[]\OT1/ppl/m/n/10 Deletion of a pro-cess ac-ti-vated us-ing the []\OT1/cmtt/m/n
/10 EXPIRE \OT1/ppl/m/n/10 com-mand. The
 []

[121] [122] (sympa.ind) (sympa.aux)

LaTeX Warning: There were undefined references.


LaTeX Warning: There were multiply-defined labels.

 ) 
Here is how much of TeX's memory you used:
 1146 strings out of 20898
 13382 string characters out of 196686
 65804 words of memory out of 350001
 4097 multiletter control sequences out of 10000+15000
 15054 words of font info for 45 fonts, out of 400000 for 1000
 14 hyphenation exceptions out of 1000
 32i,8n,21p,217b,436s stack positions out of 1500i,100n,500p,50000b,4000s

Output written on sympa.dvi (122 pages, 261004 bytes).
